#
# There is insufficient memory for the Java Runtime Environment to continue.
# Native memory allocation (mmap) failed to map 167772160 bytes for Failed to commit area from 0x0000000760e00000 to 0x000000076ae00000 of length 167772160.
# Possible reasons:
#   The system is out of physical RAM or swap space
#   The process is running with CompressedOops enabled, and the Java Heap may be blocking the growth of the native heap
# Possible solutions:
#   Reduce memory load on the system
#   Increase physical memory or swap space
#   Check if swap backing store is full
#   Decrease Java heap size (-Xmx/-Xms)
#   Decrease number of Java threads
#   Decrease Java thread stack sizes (-Xss)
#   Set larger code cache with -XX:ReservedCodeCacheSize=
#   JVM is running with Zero Based Compressed Oops mode in which the Java heap is
#     placed in the first 32GB address space. The Java Heap base address is the
#     maximum limit for the native heap growth. Please use -XX:HeapBaseMinAddress
#     to set the Java Heap base and to place the Java Heap above 32GB virtual address.
# This output file may be truncated or incomplete.
#
#  Out of Memory Error (./open/src/hotspot/os/windows/os_windows.cpp:3315), pid=19536, tid=12396
#
# JRE version:  (14.0.1+7) (build )
# Java VM: Java HotSpot(TM) 64-Bit Server VM (14.0.1+7, mixed mode, sharing, tiered, compressed oops, g1 gc, windows-amd64)
# No core dump will be written. Minidumps are not enabled by default on client versions of Windows
#

---------------  S U M M A R Y ------------

Command Line: -XX:+ShowCodeDetailsInExceptionMessages Stacks.InBuild

Host: AMD Ryzen 5 3500U with Radeon Vega Mobile Gfx  , 8 cores, 9G,  Windows 10 , 64 bit Build 22621 (10.0.22621.3958)
Time: Sun Sep  1 21:38:21 2024 India Standard Time elapsed time: 0 seconds (0d 0h 0m 0s)

---------------  T H R E A D  ---------------

Current thread (0x000001620cb64000):  JavaThread "Unknown thread" [_thread_in_vm, id=12396, stack(0x0000001d27500000,0x0000001d27600000)]

Stack: [0x0000001d27500000,0x0000001d27600000]
Native frames: (J=compiled Java code, j=interpreted, Vv=VM code, C=native code)
V  [jvm.dll+0x5f840a]
V  [jvm.dll+0x741e4a]
V  [jvm.dll+0x7435ff]
V  [jvm.dll+0x743c43]
V  [jvm.dll+0x20d288]
V  [jvm.dll+0x5f57ba]
V  [jvm.dll+0x5ea615]
V  [jvm.dll+0x2c7e9c]
V  [jvm.dll+0x2c7cd2]
V  [jvm.dll+0x2cdbbc]
V  [jvm.dll+0x313ff8]
V  [jvm.dll+0x313720]
V  [jvm.dll+0x2a092a]
V  [jvm.dll+0x2a1a79]
V  [jvm.dll+0x71f718]
V  [jvm.dll+0x321c44]
V  [jvm.dll+0x700b0c]
V  [jvm.dll+0x392dff]
V  [jvm.dll+0x394e71]
C  [jli.dll+0x523b]
C  [ucrtbase.dll+0x29333]
C  [KERNEL32.DLL+0x1257d]
C  [ntdll.dll+0x5af28]


---------------  P R O C E S S  ---------------

Threads class SMR info:
_java_thread_list=0x00007ffdaa0d3078, length=0, elements={
}

Java Threads: ( => current thread )

Other Threads:
  0x000001620cbab800 GCTaskThread "GC Thread#0" [stack: 0x0000001d27600000,0x0000001d27700000] [id=3732]
  0x000001620cbc1000 ConcurrentGCThread "G1 Main Marker" [stack: 0x0000001d27700000,0x0000001d27800000] [id=2412]
  0x000001620cbc3000 ConcurrentGCThread "G1 Conc#0" [stack: 0x0000001d27800000,0x0000001d27900000] [id=12796]

[error occurred during error reporting (printing all threads), id 0xc0000005, EXCEPTION_ACCESS_VIOLATION (0xc0000005) at pc=0x00007ffda9901257]

VM state:not at safepoint (not fully initialized)

VM Mutex/Monitor currently owned by a thread:  ([mutex/lock_event])
[0x000001620cb60a40] Heap_lock - owner thread: 0x000001620cb64000

Heap address: 0x0000000760e00000, size: 2546 MB, Compressed Oops mode: Zero based, Oop shift amount: 3
Narrow klass base: 0x0000000000000000, Narrow klass shift: 0

GC Heap History (0 events):
No events

Deoptimization events (0 events):
No events

Classes unloaded (0 events):
No events

Classes redefined (0 events):
No events

Internal exceptions (0 events):
No events

Events (2 events):
Event: 0.010 Loaded shared library C:\Program Files\Java\jdk-14.0.1\bin\java.dll
Event: 0.010 Loaded shared library C:\Program Files\Java\jdk-14.0.1\bin\zip.dll


Dynamic libraries:
0x00007ff65a510000 - 0x00007ff65a51f000 	C:\Program Files\Java\jdk-14.0.1\bin\java.exe
0x00007ffe2ab70000 - 0x00007ffe2ad87000 	C:\WINDOWS\SYSTEM32\ntdll.dll
0x00007ffe28f20000 - 0x00007ffe28fe4000 	C:\WINDOWS\System32\KERNEL32.DLL
0x00007ffe28360000 - 0x00007ffe2870d000 	C:\WINDOWS\System32\KERNELBASE.dll
0x00007ffe27f60000 - 0x00007ffe28071000 	C:\WINDOWS\System32\ucrtbase.dll
0x00007ffe1b0e0000 - 0x00007ffe1b0f5000 	C:\Program Files\Java\jdk-14.0.1\bin\VCRUNTIME140.dll
0x00007ffe11a30000 - 0x00007ffe11a48000 	C:\Program Files\Java\jdk-14.0.1\bin\jli.dll
0x00007ffe2a730000 - 0x00007ffe2a7e2000 	C:\WINDOWS\System32\ADVAPI32.dll
0x00007ffe28e30000 - 0x00007ffe28ed7000 	C:\WINDOWS\System32\msvcrt.dll
0x00007ffe2a5f0000 - 0x00007ffe2a699000 	C:\WINDOWS\System32\sechost.dll
0x00007ffe28080000 - 0x00007ffe280a8000 	C:\WINDOWS\System32\bcrypt.dll
0x00007ffe28ff0000 - 0x00007ffe29104000 	C:\WINDOWS\System32\RPCRT4.dll
0x00007ffe2a0a0000 - 0x00007ffe2a24e000 	C:\WINDOWS\System32\USER32.dll
0x00007ffe27f30000 - 0x00007ffe27f56000 	C:\WINDOWS\System32\win32u.dll
0x00007ffe0ee00000 - 0x00007ffe0f093000 	C:\WINDOWS\WinSxS\amd64_microsoft.windows.common-controls_6595b64144ccf1df_6.0.22621.3672_none_2713b9d173822955\COMCTL32.dll
0x00007ffe28ef0000 - 0x00007ffe28f19000 	C:\WINDOWS\System32\GDI32.dll
0x00007ffe28780000 - 0x00007ffe28899000 	C:\WINDOWS\System32\gdi32full.dll
0x00007ffe27e90000 - 0x00007ffe27f2a000 	C:\WINDOWS\System32\msvcp_win.dll
0x00007ffe1e8c0000 - 0x00007ffe1e8ca000 	C:\WINDOWS\SYSTEM32\VERSION.dll
0x00007ffe2a6f0000 - 0x00007ffe2a721000 	C:\WINDOWS\System32\IMM32.DLL
0x00007ffdffb40000 - 0x00007ffdffbdb000 	C:\Program Files\Java\jdk-14.0.1\bin\msvcp140.dll
0x00007ffda9650000 - 0x00007ffdaa16e000 	C:\Program Files\Java\jdk-14.0.1\bin\server\jvm.dll
0x00007ffe28b30000 - 0x00007ffe28b38000 	C:\WINDOWS\System32\PSAPI.DLL
0x00007ffe234f0000 - 0x00007ffe23524000 	C:\WINDOWS\SYSTEM32\WINMM.dll
0x00007ffe03070000 - 0x00007ffe03079000 	C:\WINDOWS\SYSTEM32\WSOCK32.dll
0x00007ffe28b60000 - 0x00007ffe28bd1000 	C:\WINDOWS\System32\WS2_32.dll
0x00007ffe26ec0000 - 0x00007ffe26ed8000 	C:\WINDOWS\SYSTEM32\kernel.appcore.dll
0x00007ffe1b0d0000 - 0x00007ffe1b0da000 	C:\Program Files\Java\jdk-14.0.1\bin\jimage.dll
0x00007ffe258b0000 - 0x00007ffe25ae2000 	C:\WINDOWS\SYSTEM32\DBGHELP.DLL
0x00007ffe2a250000 - 0x00007ffe2a5dd000 	C:\WINDOWS\System32\combase.dll
0x00007ffe28a50000 - 0x00007ffe28b27000 	C:\WINDOWS\System32\OLEAUT32.dll
0x00007ffe1f670000 - 0x00007ffe1f6a2000 	C:\WINDOWS\SYSTEM32\dbgcore.DLL
0x00007ffe280b0000 - 0x00007ffe2812b000 	C:\WINDOWS\System32\bcryptPrimitives.dll
0x00007ffe044d0000 - 0x00007ffe044f5000 	C:\Program Files\Java\jdk-14.0.1\bin\java.dll
0x00007ffdffad0000 - 0x00007ffdffae6000 	C:\Program Files\Java\jdk-14.0.1\bin\zip.dll

dbghelp: loaded successfully - version: 4.0.5 - missing functions: none
symbol engine: initialized successfully - sym options: 0x614 - pdb path: .;C:\Program Files\Java\jdk-14.0.1\bin;C:\WINDOWS\SYSTEM32;C:\WINDOWS\WinSxS\amd64_microsoft.windows.common-controls_6595b64144ccf1df_6.0.22621.3672_none_2713b9d173822955;C:\Program Files\Java\jdk-14.0.1\bin\server

VM Arguments:
jvm_args: -XX:+ShowCodeDetailsInExceptionMessages 
java_command: Stacks.InBuild
java_class_path (initial): D:\java DSA bootcamp\java-dsa-kunal\bin
Launcher Type: SUN_STANDARD

[Global flags]
     intx CICompilerCount                          = 4                                         {product} {ergonomic}
     uint ConcGCThreads                            = 2                                         {product} {ergonomic}
     uint G1ConcRefinementThreads                  = 8                                         {product} {ergonomic}
   size_t G1HeapRegionSize                         = 1048576                                   {product} {ergonomic}
    uintx GCDrainStackTargetSize                   = 64                                        {product} {ergonomic}
   size_t InitialHeapSize                          = 167772160                                 {product} {ergonomic}
   size_t MarkStackSize                            = 4194304                                   {product} {ergonomic}
   size_t MaxHeapSize                              = 2669674496                                {product} {ergonomic}
   size_t MinHeapDeltaBytes                        = 1048576                                   {product} {ergonomic}
   size_t MinHeapSize                              = 8388608                                   {product} {ergonomic}
    uintx NonNMethodCodeHeapSize                   = 5839372                                {pd product} {ergonomic}
    uintx NonProfiledCodeHeapSize                  = 122909434                              {pd product} {ergonomic}
    uintx ProfiledCodeHeapSize                     = 122909434                              {pd product} {ergonomic}
    uintx ReservedCodeCacheSize                    = 251658240                              {pd product} {ergonomic}
     bool SegmentedCodeCache                       = true                                      {product} {ergonomic}
     bool ShowCodeDetailsInExceptionMessages       = true                                   {manageable} {command line}
   size_t SoftMaxHeapSize                          = 2669674496                             {manageable} {ergonomic}
     bool UseCompressedClassPointers               = true                                 {lp64_product} {ergonomic}
     bool UseCompressedOops                        = true                                 {lp64_product} {ergonomic}
     bool UseG1GC                                  = true                                      {product} {ergonomic}
     bool UseLargePagesIndividualAllocation        = false                                  {pd product} {ergonomic}

Logging:
Log output configuration:
 #0: stdout all=warning uptime,level,tags
 #1: stderr all=off uptime,level,tags

Environment Variables:
PATH=C:\Program Files (x86)\VMware\VMware Workstation\bin\;C:\Program Files\Common Files\Oracle\Java\javapath;C:\Program Files (x86)\Common Files\Oracle\Java\javapath;C:\WINDOWS\system32;C:\WINDOWS;C:\WINDOWS\System32\Wbem;C:\WINDOWS\System32\WindowsPowerShell\v1.0\;C:\WINDOWS\System32\OpenSSH\;C:\Program Files\Java\jdk-14.0.1\bin;C:\Users\naresh suthar\AppData\Local\Packages\PythonSoftwareFoundation.Python.3.9_qbz5n2kfra8p0\LocalCache\local-packages\Python39\Scripts;C:\MinGW\bin;C:\Program Files\Git\cmd;C:\Program Files\dotnet\;C:\Program Files\Microsoft SQL Server\150\Tools\Binn\;C:\Program Files\Microsoft SQL Server\Client SDK\ODBC\170\Tools\Binn\;C:\Program Files\nodejs\;C:\Program Files\MySQL\MySQL Shell 8.0\bin\;C:\Users\naresh suthar\AppData\Local\Microsoft\WindowsApps;C:\Users\naresh suthar\AppData\Local\Programs\Microsoft VS Code\bin;C:\MinGW\bin;C:\Users\naresh suthar\.dotnet\tools;C:\Users\naresh suthar\AppData\Roaming\npm;C:\Users\naresh suthar\.cargo\bin;
USERNAME=naresh suthar
OS=Windows_NT
PROCESSOR_IDENTIFIER=AMD64 Family 23 Model 24 Stepping 1, AuthenticAMD



---------------  S Y S T E M  ---------------

OS: Windows 10 , 64 bit Build 22621 (10.0.22621.3958)
OS uptime: 0 days 12:27 hours

CPU:total 8 (initial active 8) (8 cores per cpu, 2 threads per core) family 23 model 24 stepping 1, cmov, cx8, fxsr, mmx, sse, sse2, sse3, ssse3, sse4.1, sse4.2, popcnt, avx, avx2, aes, clmul, mmxext, 3dnowpref, lzcnt, sse4a, ht, tsc, tscinvbit, tscinv, bmi1, bmi2, adx, sha, fma

Memory: 4k page, system-wide physical 10178M (1637M free)
TotalPageFile size 12129M (AvailPageFile size 159M)
current process WorkingSet (physical memory assigned to process): 11M, peak: 11M
current process commit charge ("private bytes"): 60M, peak: 220M

vm_info: Java HotSpot(TM) 64-Bit Server VM (14.0.1+7) for windows-amd64 JRE (14.0.1+7), built on Mar  5 2020 10:30:14 by "mach5one" with MS VC++ 15.9 (VS2017)

END.
